# JRE version: OpenJDK Runtime Environment Temurin-17.0.4+8 (17.0.4+8) (build 17.0.4+8)
# Java VM: OpenJDK 64-Bit Server VM Temurin-17.0.4+8 (17.0.4+8, mixed mode, emulated-client, tiered, compressed oops, compressed class ptrs, g1 gc, windows-amd64)
GC Precious Log:
 CPUs: 8 total, 8 available
 Memory: 16087M
 Large Page Support: Disabled
 NUMA Support: Disabled
 Compressed Oops: Enabled (Zero based)
 Heap Region Size: 2M
 Heap Min Capacity: 8M
 Heap Initial Capacity: 252M
 Heap Max Capacity: 4022M
 Pre-touch: Disabled
 Parallel Workers: 8
 Concurrent Workers: 2
 Concurrent Refinement Workers: 8
 Periodic GC: Disabled
Heap:
 garbage-first heap   total 215040K, used 106646K [0x0000000704a00000, 0x0000000800000000)
  region size 2048K, 19 young (38912K), 5 survivors (10240K)
 Metaspace       used 121541K, committed 122304K, reserved 1163264K
  class space    used 15688K, committed 16064K, reserved 1048576K
GC Heap History (20 events):
Event: 1394.462 GC heap before
{Heap before GC invocations=78 (full 3):
 garbage-first heap   total 178176K, used 142130K [0x0000000704a00000, 0x0000000800000000)
  region size 2048K, 42 young (86016K), 3 survivors (6144K)
 Metaspace       used 116000K, committed 116672K, reserved 1155072K
  class space    used 15203K, committed 15552K, reserved 1048576K
}
Event: 1394.468 GC heap after
{Heap after GC invocations=79 (full 3):
 garbage-first heap   total 178176K, used 64747K [0x0000000704a00000, 0x0000000800000000)
  region size 2048K, 4 young (8192K), 4 survivors (8192K)
 Metaspace       used 116000K, committed 116672K, reserved 1155072K
  class space    used 15203K, committed 15552K, reserved 1048576K
}
Event: 1394.898 GC heap before
{Heap before GC invocations=79 (full 3):
 garbage-first heap   total 178176K, used 142571K [0x0000000704a00000, 0x0000000800000000)
  region size 2048K, 42 young (86016K), 4 survivors (8192K)
 Metaspace       used 116601K, committed 117248K, reserved 1155072K
  class space    used 15275K, committed 15616K, reserved 1048576K
}
Event: 1394.905 GC heap after
{Heap after GC invocations=80 (full 3):
 garbage-first heap   total 178176K, used 65471K [0x0000000704a00000, 0x0000000800000000)
  region size 2048K, 3 young (6144K), 3 survivors (6144K)
 Metaspace       used 116601K, committed 117248K, reserved 1155072K
  class space    used 15275K, committed 15616K, reserved 1048576K
}
Event: 1395.900 GC heap before
{Heap before GC invocations=80 (full 3):
 garbage-first heap   total 178176K, used 143295K [0x0000000704a00000, 0x0000000800000000)
  region size 2048K, 41 young (83968K), 3 survivors (6144K)
 Metaspace       used 116975K, committed 117696K, reserved 1155072K
  class space    used 15311K, committed 15680K, reserved 1048576K
}
Event: 1395.907 GC heap after
{Heap after GC invocations=81 (full 3):
 garbage-first heap   total 178176K, used 69652K [0x0000000704a00000, 0x0000000800000000)
  region size 2048K, 5 young (10240K), 5 survivors (10240K)
 Metaspace       used 116975K, committed 117696K, reserved 1155072K
  class space    used 15311K, committed 15680K, reserved 1048576K
}
Event: 1396.584 GC heap before
{Heap before GC invocations=81 (full 3):
 garbage-first heap   total 178176K, used 141332K [0x0000000704a00000, 0x0000000800000000)
  region size 2048K, 40 young (81920K), 5 survivors (10240K)
 Metaspace       used 117535K, committed 118208K, reserved 1155072K
  class space    used 15359K, committed 15680K, reserved 1048576K
}
Event: 1396.592 GC heap after
{Heap after GC invocations=82 (full 3):
 garbage-first heap   total 178176K, used 71361K [0x0000000704a00000, 0x0000000800000000)
  region size 2048K, 4 young (8192K), 4 survivors (8192K)
 Metaspace       used 117535K, committed 118208K, reserved 1155072K
  class space    used 15359K, committed 15680K, reserved 1048576K
}
Event: 1397.089 GC heap before
{Heap before GC invocations=82 (full 3):
 garbage-first heap   total 178176K, used 143041K [0x0000000704a00000, 0x0000000800000000)
  region size 2048K, 39 young (79872K), 4 survivors (8192K)
 Metaspace       used 118114K, committed 118784K, reserved 1155072K
  class space    used 15406K, committed 15744K, reserved 1048576K
}
Event: 1397.097 GC heap after
{Heap after GC invocations=83 (full 3):
 garbage-first heap   total 178176K, used 72348K [0x0000000704a00000, 0x0000000800000000)
  region size 2048K, 2 young (4096K), 2 survivors (4096K)
 Metaspace       used 118114K, committed 118784K, reserved 1155072K
  class space    used 15406K, committed 15744K, reserved 1048576K
}
Event: 1397.471 GC heap before
{Heap before GC invocations=83 (full 3):
 garbage-first heap   total 178176K, used 144028K [0x0000000704a00000, 0x0000000800000000)
  region size 2048K, 37 young (75776K), 2 survivors (4096K)
 Metaspace       used 118598K, committed 119296K, reserved 1155072K
  class space    used 15442K, committed 15808K, reserved 1048576K
}
Event: 1397.475 GC heap after
{Heap after GC invocations=84 (full 3):
 garbage-first heap   total 215040K, used 73013K [0x0000000704a00000, 0x0000000800000000)
  region size 2048K, 2 young (4096K), 2 survivors (4096K)
 Metaspace       used 118598K, committed 119296K, reserved 1155072K
  class space    used 15442K, committed 15808K, reserved 1048576K
}
Event: 1398.193 GC heap before
{Heap before GC invocations=84 (full 3):
 garbage-first heap   total 215040K, used 175413K [0x0000000704a00000, 0x0000000800000000)
  region size 2048K, 52 young (106496K), 2 survivors (4096K)
 Metaspace       used 119497K, committed 120192K, reserved 1155072K
  class space    used 15516K, committed 15872K, reserved 1048576K
}
Event: 1398.197 GC heap after
{Heap after GC invocations=85 (full 3):
 garbage-first heap   total 215040K, used 74658K [0x0000000704a00000, 0x0000000800000000)
  region size 2048K, 3 young (6144K), 3 survivors (6144K)
 Metaspace       used 119497K, committed 120192K, reserved 1155072K
  class space    used 15516K, committed 15872K, reserved 1048576K
}
Event: 1398.885 GC heap before
{Heap before GC invocations=85 (full 3):
 garbage-first heap   total 215040K, used 177058K [0x0000000704a00000, 0x0000000800000000)
  region size 2048K, 53 young (108544K), 3 survivors (6144K)
 Metaspace       used 120083K, committed 120832K, reserved 1155072K
  class space    used 15565K, committed 15936K, reserved 1048576K
}
Event: 1398.889 GC heap after
{Heap after GC invocations=86 (full 3):
 garbage-first heap   total 215040K, used 75966K [0x0000000704a00000, 0x0000000800000000)
  region size 2048K, 4 young (8192K), 4 survivors (8192K)
 Metaspace       used 120083K, committed 120832K, reserved 1155072K
  class space    used 15565K, committed 15936K, reserved 1048576K
}
Event: 1399.664 GC heap before
{Heap before GC invocations=86 (full 3):
 garbage-first heap   total 215040K, used 176318K [0x0000000704a00000, 0x0000000800000000)
  region size 2048K, 53 young (108544K), 4 survivors (8192K)
 Metaspace       used 121219K, committed 121920K, reserved 1163264K
  class space    used 15660K, committed 16000K, reserved 1048576K
}
Event: 1399.670 GC heap after
{Heap after GC invocations=87 (full 3):
 garbage-first heap   total 215040K, used 78257K [0x0000000704a00000, 0x0000000800000000)
  region size 2048K, 5 young (10240K), 5 survivors (10240K)
 Metaspace       used 121219K, committed 121920K, reserved 1163264K
  class space    used 15660K, committed 16000K, reserved 1048576K
}
Event: 1432.793 GC heap before
{Heap before GC invocations=87 (full 3):
 garbage-first heap   total 215040K, used 174513K [0x0000000704a00000, 0x0000000800000000)
  region size 2048K, 52 young (106496K), 5 survivors (10240K)
 Metaspace       used 121535K, committed 122304K, reserved 1163264K
  class space    used 15687K, committed 16064K, reserved 1048576K
}
Event: 1432.801 GC heap after
{Heap after GC invocations=88 (full 3):
 garbage-first heap   total 215040K, used 80022K [0x0000000704a00000, 0x0000000800000000)
  region size 2048K, 5 young (10240K), 5 survivors (10240K)
 Metaspace       used 121535K, committed 122304K, reserved 1163264K
  class space    used 15687K, committed 16064K, reserved 1048576K
}

