# JRE version: OpenJDK Runtime Environment Temurin-17.0.4+8 (17.0.4+8) (build 17.0.4+8)
# Java VM: OpenJDK 64-Bit Server VM Temurin-17.0.4+8 (17.0.4+8, mixed mode, emulated-client, tiered, compressed oops, compressed class ptrs, g1 gc, windows-amd64)
GC Precious Log:
 CPUs: 8 total, 8 available
 Memory: 16087M
 Large Page Support: Disabled
 NUMA Support: Disabled
 Compressed Oops: Enabled (Zero based)
 Heap Region Size: 2M
 Heap Min Capacity: 8M
 Heap Initial Capacity: 252M
 Heap Max Capacity: 4022M
 Pre-touch: Disabled
 Parallel Workers: 8
 Concurrent Workers: 2
 Concurrent Refinement Workers: 8
 Periodic GC: Disabled
Heap:
 garbage-first heap   total 110592K, used 67190K [0x0000000704a00000, 0x0000000800000000)
  region size 2048K, 12 young (24576K), 1 survivors (2048K)
 Metaspace       used 93580K, committed 94784K, reserved 1138688K
  class space    used 12928K, committed 13376K, reserved 1048576K
GC Heap History (20 events):
Event: 46.550 GC heap before
{Heap before GC invocations=51 (full 0):
 garbage-first heap   total 110592K, used 91398K [0x0000000704a00000, 0x0000000800000000)
  region size 2048K, 25 young (51200K), 2 survivors (4096K)
 Metaspace       used 84830K, committed 85504K, reserved 1122304K
  class space    used 11645K, committed 11968K, reserved 1048576K
}
Event: 46.555 GC heap after
{Heap after GC invocations=52 (full 0):
 garbage-first heap   total 110592K, used 45147K [0x0000000704a00000, 0x0000000800000000)
  region size 2048K, 3 young (6144K), 3 survivors (6144K)
 Metaspace       used 84830K, committed 85504K, reserved 1122304K
  class space    used 11645K, committed 11968K, reserved 1048576K
}
Event: 47.173 GC heap before
{Heap before GC invocations=52 (full 0):
 garbage-first heap   total 110592K, used 88155K [0x0000000704a00000, 0x0000000800000000)
  region size 2048K, 24 young (49152K), 3 survivors (6144K)
 Metaspace       used 85692K, committed 86272K, reserved 1130496K
  class space    used 11758K, committed 12032K, reserved 1048576K
}
Event: 47.180 GC heap after
{Heap after GC invocations=53 (full 0):
 garbage-first heap   total 110592K, used 46363K [0x0000000704a00000, 0x0000000800000000)
  region size 2048K, 3 young (6144K), 3 survivors (6144K)
 Metaspace       used 85692K, committed 86272K, reserved 1130496K
  class space    used 11758K, committed 12032K, reserved 1048576K
}
Event: 47.872 GC heap before
{Heap before GC invocations=53 (full 0):
 garbage-first heap   total 110592K, used 87323K [0x0000000704a00000, 0x0000000800000000)
  region size 2048K, 23 young (47104K), 3 survivors (6144K)
 Metaspace       used 87607K, committed 88256K, reserved 1130496K
  class space    used 12068K, committed 12352K, reserved 1048576K
}
Event: 47.878 GC heap after
{Heap after GC invocations=54 (full 0):
 garbage-first heap   total 110592K, used 47899K [0x0000000704a00000, 0x0000000800000000)
  region size 2048K, 3 young (6144K), 3 survivors (6144K)
 Metaspace       used 87607K, committed 88256K, reserved 1130496K
  class space    used 12068K, committed 12352K, reserved 1048576K
}
Event: 49.232 GC heap before
{Heap before GC invocations=54 (full 0):
 garbage-first heap   total 110592K, used 86811K [0x0000000704a00000, 0x0000000800000000)
  region size 2048K, 23 young (47104K), 3 survivors (6144K)
 Metaspace       used 90245K, committed 90944K, reserved 1130496K
  class space    used 12446K, committed 12800K, reserved 1048576K
}
Event: 49.241 GC heap after
{Heap after GC invocations=55 (full 0):
 garbage-first heap   total 110592K, used 49702K [0x0000000704a00000, 0x0000000800000000)
  region size 2048K, 3 young (6144K), 3 survivors (6144K)
 Metaspace       used 90245K, committed 90944K, reserved 1130496K
  class space    used 12446K, committed 12800K, reserved 1048576K
}
Event: 109.578 GC heap before
{Heap before GC invocations=55 (full 0):
 garbage-first heap   total 110592K, used 88614K [0x0000000704a00000, 0x0000000800000000)
  region size 2048K, 22 young (45056K), 3 survivors (6144K)
 Metaspace       used 90301K, committed 90944K, reserved 1130496K
  class space    used 12457K, committed 12800K, reserved 1048576K
}
Event: 109.581 GC heap after
{Heap after GC invocations=56 (full 0):
 garbage-first heap   total 110592K, used 50247K [0x0000000704a00000, 0x0000000800000000)
  region size 2048K, 2 young (4096K), 2 survivors (4096K)
 Metaspace       used 90301K, committed 90944K, reserved 1130496K
  class space    used 12457K, committed 12800K, reserved 1048576K
}
Event: 131.948 GC heap before
{Heap before GC invocations=56 (full 0):
 garbage-first heap   total 110592K, used 89159K [0x0000000704a00000, 0x0000000800000000)
  region size 2048K, 22 young (45056K), 2 survivors (4096K)
 Metaspace       used 93280K, committed 93952K, reserved 1130496K
  class space    used 12904K, committed 13248K, reserved 1048576K
}
Event: 131.952 GC heap after
{Heap after GC invocations=57 (full 0):
 garbage-first heap   total 110592K, used 51295K [0x0000000704a00000, 0x0000000800000000)
  region size 2048K, 2 young (4096K), 2 survivors (4096K)
 Metaspace       used 93280K, committed 93952K, reserved 1130496K
  class space    used 12904K, committed 13248K, reserved 1048576K
}
Event: 187.436 GC heap before
{Heap before GC invocations=57 (full 0):
 garbage-first heap   total 110592K, used 92255K [0x0000000704a00000, 0x0000000800000000)
  region size 2048K, 22 young (45056K), 2 survivors (4096K)
 Metaspace       used 94010K, committed 94784K, reserved 1138688K
  class space    used 13018K, committed 13376K, reserved 1048576K
}
Event: 187.441 GC heap after
{Heap after GC invocations=58 (full 0):
 garbage-first heap   total 110592K, used 52217K [0x0000000704a00000, 0x0000000800000000)
  region size 2048K, 2 young (4096K), 2 survivors (4096K)
 Metaspace       used 94010K, committed 94784K, reserved 1138688K
  class space    used 13018K, committed 13376K, reserved 1048576K
}
Event: 264.367 GC heap before
{Heap before GC invocations=58 (full 0):
 garbage-first heap   total 110592K, used 91129K [0x0000000704a00000, 0x0000000800000000)
  region size 2048K, 21 young (43008K), 2 survivors (4096K)
 Metaspace       used 94013K, committed 94784K, reserved 1138688K
  class space    used 13019K, committed 13376K, reserved 1048576K
}
Event: 264.369 GC heap after
{Heap after GC invocations=59 (full 0):
 garbage-first heap   total 110592K, used 52121K [0x0000000704a00000, 0x0000000800000000)
  region size 2048K, 2 young (4096K), 2 survivors (4096K)
 Metaspace       used 94013K, committed 94784K, reserved 1138688K
  class space    used 13019K, committed 13376K, reserved 1048576K
}
Event: 341.223 GC heap before
{Heap before GC invocations=60 (full 0):
 garbage-first heap   total 110592K, used 91033K [0x0000000704a00000, 0x0000000800000000)
  region size 2048K, 21 young (43008K), 2 survivors (4096K)
 Metaspace       used 93561K, committed 94784K, reserved 1138688K
  class space    used 12926K, committed 13376K, reserved 1048576K
}
Event: 341.228 GC heap after
{Heap after GC invocations=61 (full 0):
 garbage-first heap   total 110592K, used 51641K [0x0000000704a00000, 0x0000000800000000)
  region size 2048K, 2 young (4096K), 2 survivors (4096K)
 Metaspace       used 93561K, committed 94784K, reserved 1138688K
  class space    used 12926K, committed 13376K, reserved 1048576K
}
Event: 345.112 GC heap before
{Heap before GC invocations=61 (full 0):
 garbage-first heap   total 110592K, used 53689K [0x0000000704a00000, 0x0000000800000000)
  region size 2048K, 3 young (6144K), 2 survivors (4096K)
 Metaspace       used 93561K, committed 94784K, reserved 1138688K
  class space    used 12926K, committed 13376K, reserved 1048576K
}
Event: 345.119 GC heap after
{Heap after GC invocations=62 (full 0):
 garbage-first heap   total 110592K, used 46710K [0x0000000704a00000, 0x0000000800000000)
  region size 2048K, 1 young (2048K), 1 survivors (2048K)
 Metaspace       used 93561K, committed 94784K, reserved 1138688K
  class space    used 12926K, committed 13376K, reserved 1048576K
}

