# JRE version: OpenJDK Runtime Environment Temurin-17.0.4+8 (17.0.4+8) (build 17.0.4+8)
# Java VM: OpenJDK 64-Bit Server VM Temurin-17.0.4+8 (17.0.4+8, mixed mode, emulated-client, tiered, compressed oops, compressed class ptrs, g1 gc, windows-amd64)
GC Precious Log:
 CPUs: 8 total, 8 available
 Memory: 16087M
 Large Page Support: Disabled
 NUMA Support: Disabled
 Compressed Oops: Enabled (Zero based)
 Heap Region Size: 2M
 Heap Min Capacity: 8M
 Heap Initial Capacity: 252M
 Heap Max Capacity: 4022M
 Pre-touch: Disabled
 Parallel Workers: 8
 Concurrent Workers: 2
 Concurrent Refinement Workers: 8
 Periodic GC: Disabled
Heap:
 garbage-first heap   total 122880K, used 75015K [0x0000000704a00000, 0x0000000800000000)
  region size 2048K, 17 young (34816K), 3 survivors (6144K)
 Metaspace       used 95225K, committed 95872K, reserved 1138688K
  class space    used 13009K, committed 13312K, reserved 1048576K
GC Heap History (20 events):
Event: 264.949 GC heap before
{Heap before GC invocations=41 (full 2):
 garbage-first heap   total 102400K, used 79730K [0x0000000704a00000, 0x0000000800000000)
  region size 2048K, 18 young (36864K), 3 survivors (6144K)
 Metaspace       used 92795K, committed 93504K, reserved 1130496K
  class space    used 12774K, committed 13120K, reserved 1048576K
}
Event: 264.952 GC heap after
{Heap after GC invocations=42 (full 2):
 garbage-first heap   total 102400K, used 50566K [0x0000000704a00000, 0x0000000800000000)
  region size 2048K, 3 young (6144K), 3 survivors (6144K)
 Metaspace       used 92795K, committed 93504K, reserved 1130496K
  class space    used 12774K, committed 13120K, reserved 1048576K
}
Event: 265.198 GC heap before
{Heap before GC invocations=42 (full 2):
 garbage-first heap   total 102400K, used 79238K [0x0000000704a00000, 0x0000000800000000)
  region size 2048K, 17 young (34816K), 3 survivors (6144K)
 Metaspace       used 92942K, committed 93632K, reserved 1130496K
  class space    used 12783K, committed 13120K, reserved 1048576K
}
Event: 265.201 GC heap after
{Heap after GC invocations=43 (full 2):
 garbage-first heap   total 102400K, used 52010K [0x0000000704a00000, 0x0000000800000000)
  region size 2048K, 2 young (4096K), 2 survivors (4096K)
 Metaspace       used 92942K, committed 93632K, reserved 1130496K
  class space    used 12783K, committed 13120K, reserved 1048576K
}
Event: 265.357 GC heap before
{Heap before GC invocations=43 (full 2):
 garbage-first heap   total 102400K, used 80682K [0x0000000704a00000, 0x0000000800000000)
  region size 2048K, 16 young (32768K), 2 survivors (4096K)
 Metaspace       used 93125K, committed 93760K, reserved 1130496K
  class space    used 12807K, committed 13120K, reserved 1048576K
}
Event: 265.360 GC heap after
{Heap after GC invocations=44 (full 2):
 garbage-first heap   total 122880K, used 52994K [0x0000000704a00000, 0x0000000800000000)
  region size 2048K, 2 young (4096K), 2 survivors (4096K)
 Metaspace       used 93125K, committed 93760K, reserved 1130496K
  class space    used 12807K, committed 13120K, reserved 1048576K
}
Event: 265.603 GC heap before
{Heap before GC invocations=44 (full 2):
 garbage-first heap   total 122880K, used 96002K [0x0000000704a00000, 0x0000000800000000)
  region size 2048K, 23 young (47104K), 2 survivors (4096K)
 Metaspace       used 93560K, committed 94272K, reserved 1130496K
  class space    used 12841K, committed 13184K, reserved 1048576K
}
Event: 265.605 GC heap after
{Heap after GC invocations=45 (full 2):
 garbage-first heap   total 122880K, used 54041K [0x0000000704a00000, 0x0000000800000000)
  region size 2048K, 2 young (4096K), 2 survivors (4096K)
 Metaspace       used 93560K, committed 94272K, reserved 1130496K
  class space    used 12841K, committed 13184K, reserved 1048576K
}
Event: 272.008 GC heap before
{Heap before GC invocations=45 (full 2):
 garbage-first heap   total 122880K, used 80665K [0x0000000704a00000, 0x0000000800000000)
  region size 2048K, 16 young (32768K), 2 survivors (4096K)
 Metaspace       used 93715K, committed 94400K, reserved 1130496K
  class space    used 12856K, committed 13184K, reserved 1048576K
}
Event: 272.055 GC heap after
{Heap after GC invocations=46 (full 3):
 garbage-first heap   total 122880K, used 37471K [0x0000000704a00000, 0x0000000800000000)
  region size 2048K, 0 young (0K), 0 survivors (0K)
 Metaspace       used 93651K, committed 94400K, reserved 1130496K
  class space    used 12845K, committed 13184K, reserved 1048576K
}
Event: 272.463 GC heap before
{Heap before GC invocations=46 (full 3):
 garbage-first heap   total 122880K, used 94815K [0x0000000704a00000, 0x0000000800000000)
  region size 2048K, 28 young (57344K), 0 survivors (0K)
 Metaspace       used 94087K, committed 94784K, reserved 1130496K
  class space    used 12908K, committed 13248K, reserved 1048576K
}
Event: 272.465 GC heap after
{Heap after GC invocations=47 (full 3):
 garbage-first heap   total 122880K, used 41880K [0x0000000704a00000, 0x0000000800000000)
  region size 2048K, 3 young (6144K), 3 survivors (6144K)
 Metaspace       used 94087K, committed 94784K, reserved 1130496K
  class space    used 12908K, committed 13248K, reserved 1048576K
}
Event: 272.876 GC heap before
{Heap before GC invocations=47 (full 3):
 garbage-first heap   total 122880K, used 93080K [0x0000000704a00000, 0x0000000800000000)
  region size 2048K, 28 young (57344K), 3 survivors (6144K)
 Metaspace       used 94322K, committed 94976K, reserved 1130496K
  class space    used 12927K, committed 13248K, reserved 1048576K
}
Event: 272.879 GC heap after
{Heap after GC invocations=48 (full 3):
 garbage-first heap   total 122880K, used 44279K [0x0000000704a00000, 0x0000000800000000)
  region size 2048K, 4 young (8192K), 4 survivors (8192K)
 Metaspace       used 94322K, committed 94976K, reserved 1130496K
  class space    used 12927K, committed 13248K, reserved 1048576K
}
Event: 273.095 GC heap before
{Heap before GC invocations=48 (full 3):
 garbage-first heap   total 122880K, used 95479K [0x0000000704a00000, 0x0000000800000000)
  region size 2048K, 29 young (59392K), 4 survivors (8192K)
 Metaspace       used 94709K, committed 95424K, reserved 1138688K
  class space    used 12962K, committed 13312K, reserved 1048576K
}
Event: 273.098 GC heap after
{Heap after GC invocations=49 (full 3):
 garbage-first heap   total 122880K, used 45369K [0x0000000704a00000, 0x0000000800000000)
  region size 2048K, 2 young (4096K), 2 survivors (4096K)
 Metaspace       used 94709K, committed 95424K, reserved 1138688K
  class space    used 12962K, committed 13312K, reserved 1048576K
}
Event: 273.509 GC heap before
{Heap before GC invocations=49 (full 3):
 garbage-first heap   total 122880K, used 96569K [0x0000000704a00000, 0x0000000800000000)
  region size 2048K, 27 young (55296K), 2 survivors (4096K)
 Metaspace       used 95172K, committed 95808K, reserved 1138688K
  class space    used 13001K, committed 13312K, reserved 1048576K
}
Event: 273.512 GC heap after
{Heap after GC invocations=50 (full 3):
 garbage-first heap   total 122880K, used 47242K [0x0000000704a00000, 0x0000000800000000)
  region size 2048K, 3 young (6144K), 3 survivors (6144K)
 Metaspace       used 95172K, committed 95808K, reserved 1138688K
  class space    used 13001K, committed 13312K, reserved 1048576K
}
Event: 345.972 GC heap before
{Heap before GC invocations=50 (full 3):
 garbage-first heap   total 122880K, used 94346K [0x0000000704a00000, 0x0000000800000000)
  region size 2048K, 27 young (55296K), 3 survivors (6144K)
 Metaspace       used 95209K, committed 95872K, reserved 1138688K
  class space    used 13007K, committed 13312K, reserved 1048576K
}
Event: 345.975 GC heap after
{Heap after GC invocations=51 (full 3):
 garbage-first heap   total 122880K, used 48391K [0x0000000704a00000, 0x0000000800000000)
  region size 2048K, 3 young (6144K), 3 survivors (6144K)
 Metaspace       used 95209K, committed 95872K, reserved 1138688K
  class space    used 13007K, committed 13312K, reserved 1048576K
}

