# JRE version: OpenJDK Runtime Environment Temurin-17.0.4+8 (17.0.4+8) (build 17.0.4+8)
# Java VM: OpenJDK 64-Bit Server VM Temurin-17.0.4+8 (17.0.4+8, mixed mode, emulated-client, tiered, compressed oops, compressed class ptrs, g1 gc, windows-amd64)
GC Precious Log:
 CPUs: 8 total, 8 available
 Memory: 16087M
 Large Page Support: Disabled
 NUMA Support: Disabled
 Compressed Oops: Enabled (Zero based)
 Heap Region Size: 2M
 Heap Min Capacity: 8M
 Heap Initial Capacity: 252M
 Heap Max Capacity: 4022M
 Pre-touch: Disabled
 Parallel Workers: 8
 Concurrent Workers: 2
 Concurrent Refinement Workers: 8
 Periodic GC: Disabled
Heap:
 garbage-first heap   total 278528K, used 195891K [0x0000000704a00000, 0x0000000800000000)
  region size 2048K, 65 young (133120K), 6 survivors (12288K)
 Metaspace       used 136467K, committed 137216K, reserved 1171456K
  class space    used 17242K, committed 17600K, reserved 1048576K
GC Heap History (20 events):
Event: 706.541 GC heap before
{Heap before GC invocations=132 (full 6):
 garbage-first heap   total 192512K, used 157908K [0x0000000704a00000, 0x0000000800000000)
  region size 2048K, 52 young (106496K), 0 survivors (0K)
 Metaspace       used 130661K, committed 131328K, reserved 1163264K
  class space    used 16665K, committed 17024K, reserved 1048576K
}
Event: 706.547 GC heap after
{Heap after GC invocations=133 (full 6):
 garbage-first heap   total 192512K, used 58947K [0x0000000704a00000, 0x0000000800000000)
  region size 2048K, 4 young (8192K), 4 survivors (8192K)
 Metaspace       used 130661K, committed 131328K, reserved 1163264K
  class space    used 16665K, committed 17024K, reserved 1048576K
}
Event: 707.794 GC heap before
{Heap before GC invocations=134 (full 6):
 garbage-first heap   total 192512K, used 155203K [0x0000000704a00000, 0x0000000800000000)
  region size 2048K, 51 young (104448K), 4 survivors (8192K)
 Metaspace       used 130804K, committed 131520K, reserved 1163264K
  class space    used 16675K, committed 17024K, reserved 1048576K
}
Event: 707.802 GC heap after
{Heap after GC invocations=135 (full 6):
 garbage-first heap   total 192512K, used 60762K [0x0000000704a00000, 0x0000000800000000)
  region size 2048K, 5 young (10240K), 5 survivors (10240K)
 Metaspace       used 130804K, committed 131520K, reserved 1163264K
  class space    used 16675K, committed 17024K, reserved 1048576K
}
Event: 708.350 GC heap before
{Heap before GC invocations=135 (full 6):
 garbage-first heap   total 192512K, used 154970K [0x0000000704a00000, 0x0000000800000000)
  region size 2048K, 51 young (104448K), 5 survivors (10240K)
 Metaspace       used 131308K, committed 131968K, reserved 1171456K
  class space    used 16742K, committed 17088K, reserved 1048576K
}
Event: 708.358 GC heap after
{Heap after GC invocations=136 (full 6):
 garbage-first heap   total 192512K, used 64009K [0x0000000704a00000, 0x0000000800000000)
  region size 2048K, 3 young (6144K), 3 survivors (6144K)
 Metaspace       used 131308K, committed 131968K, reserved 1171456K
  class space    used 16742K, committed 17088K, reserved 1048576K
}
Event: 708.797 GC heap before
{Heap before GC invocations=136 (full 6):
 garbage-first heap   total 192512K, used 154121K [0x0000000704a00000, 0x0000000800000000)
  region size 2048K, 47 young (96256K), 3 survivors (6144K)
 Metaspace       used 131858K, committed 132544K, reserved 1171456K
  class space    used 16805K, committed 17152K, reserved 1048576K
}
Event: 708.802 GC heap after
{Heap after GC invocations=137 (full 6):
 garbage-first heap   total 231424K, used 66809K [0x0000000704a00000, 0x0000000800000000)
  region size 2048K, 5 young (10240K), 5 survivors (10240K)
 Metaspace       used 131858K, committed 132544K, reserved 1171456K
  class space    used 16805K, committed 17152K, reserved 1048576K
}
Event: 709.213 GC heap before
{Heap before GC invocations=137 (full 6):
 garbage-first heap   total 231424K, used 183545K [0x0000000704a00000, 0x0000000800000000)
  region size 2048K, 62 young (126976K), 5 survivors (10240K)
 Metaspace       used 132821K, committed 133504K, reserved 1171456K
  class space    used 16885K, committed 17216K, reserved 1048576K
}
Event: 709.218 GC heap after
{Heap after GC invocations=138 (full 6):
 garbage-first heap   total 231424K, used 69054K [0x0000000704a00000, 0x0000000800000000)
  region size 2048K, 5 young (10240K), 5 survivors (10240K)
 Metaspace       used 132821K, committed 133504K, reserved 1171456K
  class space    used 16885K, committed 17216K, reserved 1048576K
}
Event: 709.571 GC heap before
{Heap before GC invocations=138 (full 6):
 garbage-first heap   total 231424K, used 185790K [0x0000000704a00000, 0x0000000800000000)
  region size 2048K, 62 young (126976K), 5 survivors (10240K)
 Metaspace       used 133740K, committed 134400K, reserved 1171456K
  class space    used 16960K, committed 17280K, reserved 1048576K
}
Event: 709.576 GC heap after
{Heap after GC invocations=139 (full 6):
 garbage-first heap   total 231424K, used 70996K [0x0000000704a00000, 0x0000000800000000)
  region size 2048K, 4 young (8192K), 4 survivors (8192K)
 Metaspace       used 133740K, committed 134400K, reserved 1171456K
  class space    used 16960K, committed 17280K, reserved 1048576K
}
Event: 709.918 GC heap before
{Heap before GC invocations=139 (full 6):
 garbage-first heap   total 231424K, used 189780K [0x0000000704a00000, 0x0000000800000000)
  region size 2048K, 62 young (126976K), 4 survivors (8192K)
 Metaspace       used 134453K, committed 135168K, reserved 1171456K
  class space    used 17017K, committed 17344K, reserved 1048576K
}
Event: 709.923 GC heap after
{Heap after GC invocations=140 (full 6):
 garbage-first heap   total 231424K, used 72492K [0x0000000704a00000, 0x0000000800000000)
  region size 2048K, 5 young (10240K), 5 survivors (10240K)
 Metaspace       used 134453K, committed 135168K, reserved 1171456K
  class space    used 17017K, committed 17344K, reserved 1048576K
}
Event: 710.360 GC heap before
{Heap before GC invocations=140 (full 6):
 garbage-first heap   total 231424K, used 189228K [0x0000000704a00000, 0x0000000800000000)
  region size 2048K, 62 young (126976K), 5 survivors (10240K)
 Metaspace       used 135559K, committed 136256K, reserved 1171456K
  class space    used 17111K, committed 17472K, reserved 1048576K
}
Event: 710.367 GC heap after
{Heap after GC invocations=141 (full 6):
 garbage-first heap   total 278528K, used 75260K [0x0000000704a00000, 0x0000000800000000)
  region size 2048K, 5 young (10240K), 5 survivors (10240K)
 Metaspace       used 135559K, committed 136256K, reserved 1171456K
  class space    used 17111K, committed 17472K, reserved 1048576K
}
Event: 881.363 GC heap before
{Heap before GC invocations=141 (full 6):
 garbage-first heap   total 278528K, used 228860K [0x0000000704a00000, 0x0000000800000000)
  region size 2048K, 80 young (163840K), 5 survivors (10240K)
 Metaspace       used 136028K, committed 136768K, reserved 1171456K
  class space    used 17154K, committed 17536K, reserved 1048576K
}
Event: 881.368 GC heap after
{Heap after GC invocations=142 (full 6):
 garbage-first heap   total 278528K, used 76817K [0x0000000704a00000, 0x0000000800000000)
  region size 2048K, 5 young (10240K), 5 survivors (10240K)
 Metaspace       used 136028K, committed 136768K, reserved 1171456K
  class space    used 17154K, committed 17536K, reserved 1048576K
}
Event: 1106.497 GC heap before
{Heap before GC invocations=142 (full 6):
 garbage-first heap   total 278528K, used 230417K [0x0000000704a00000, 0x0000000800000000)
  region size 2048K, 80 young (163840K), 5 survivors (10240K)
 Metaspace       used 136427K, committed 137152K, reserved 1171456K
  class space    used 17236K, committed 17600K, reserved 1048576K
}
Event: 1106.502 GC heap after
{Heap after GC invocations=143 (full 6):
 garbage-first heap   total 278528K, used 77107K [0x0000000704a00000, 0x0000000800000000)
  region size 2048K, 6 young (12288K), 6 survivors (12288K)
 Metaspace       used 136427K, committed 137152K, reserved 1171456K
  class space    used 17236K, committed 17600K, reserved 1048576K
}

