# JRE version: OpenJDK Runtime Environment Temurin-17.0.4+8 (17.0.4+8) (build 17.0.4+8)
# Java VM: OpenJDK 64-Bit Server VM Temurin-17.0.4+8 (17.0.4+8, mixed mode, emulated-client, tiered, compressed oops, compressed class ptrs, g1 gc, windows-amd64)
GC Precious Log:
 CPUs: 8 total, 8 available
 Memory: 16087M
 Large Page Support: Disabled
 NUMA Support: Disabled
 Compressed Oops: Enabled (Zero based)
 Heap Region Size: 2M
 Heap Min Capacity: 8M
 Heap Initial Capacity: 252M
 Heap Max Capacity: 4022M
 Pre-touch: Disabled
 Parallel Workers: 8
 Concurrent Workers: 2
 Concurrent Refinement Workers: 8
 Periodic GC: Disabled
Heap:
 garbage-first heap   total 157696K, used 102615K [0x0000000704a00000, 0x0000000800000000)
  region size 2048K, 28 young (57344K), 3 survivors (6144K)
 Metaspace       used 103633K, committed 104320K, reserved 1138688K
  class space    used 13955K, committed 14272K, reserved 1048576K
GC Heap History (20 events):
Event: 2604.778 GC heap before
{Heap before GC invocations=65 (full 3):
 garbage-first heap   total 147456K, used 114648K [0x0000000704a00000, 0x0000000800000000)
  region size 2048K, 36 young (73728K), 4 survivors (8192K)
 Metaspace       used 99145K, committed 99840K, reserved 1138688K
  class space    used 13412K, committed 13760K, reserved 1048576K
}
Event: 2604.792 GC heap after
{Heap after GC invocations=66 (full 3):
 garbage-first heap   total 147456K, used 50413K [0x0000000704a00000, 0x0000000800000000)
  region size 2048K, 4 young (8192K), 4 survivors (8192K)
 Metaspace       used 99145K, committed 99840K, reserved 1138688K
  class space    used 13412K, committed 13760K, reserved 1048576K
}
Event: 2739.971 GC heap before
{Heap before GC invocations=66 (full 3):
 garbage-first heap   total 147456K, used 103661K [0x0000000704a00000, 0x0000000800000000)
  region size 2048K, 31 young (63488K), 4 survivors (8192K)
 Metaspace       used 99157K, committed 99840K, reserved 1138688K
  class space    used 13414K, committed 13760K, reserved 1048576K
}
Event: 2740.022 GC heap after
{Heap after GC invocations=67 (full 4):
 garbage-first heap   total 131072K, used 34137K [0x0000000704a00000, 0x0000000800000000)
  region size 2048K, 0 young (0K), 0 survivors (0K)
 Metaspace       used 99011K, committed 99840K, reserved 1138688K
  class space    used 13389K, committed 13760K, reserved 1048576K
}
Event: 2742.885 GC heap before
{Heap before GC invocations=67 (full 4):
 garbage-first heap   total 131072K, used 103769K [0x0000000704a00000, 0x0000000800000000)
  region size 2048K, 34 young (69632K), 0 survivors (0K)
 Metaspace       used 99805K, committed 100480K, reserved 1138688K
  class space    used 13503K, committed 13824K, reserved 1048576K
}
Event: 2742.890 GC heap after
{Heap after GC invocations=68 (full 4):
 garbage-first heap   total 131072K, used 40250K [0x0000000704a00000, 0x0000000800000000)
  region size 2048K, 3 young (6144K), 3 survivors (6144K)
 Metaspace       used 99805K, committed 100480K, reserved 1138688K
  class space    used 13503K, committed 13824K, reserved 1048576K
}
Event: 2743.477 GC heap before
{Heap before GC invocations=68 (full 4):
 garbage-first heap   total 131072K, used 101690K [0x0000000704a00000, 0x0000000800000000)
  region size 2048K, 33 young (67584K), 3 survivors (6144K)
 Metaspace       used 99982K, committed 100608K, reserved 1138688K
  class space    used 13514K, committed 13824K, reserved 1048576K
}
Event: 2743.482 GC heap after
{Heap after GC invocations=69 (full 4):
 garbage-first heap   total 131072K, used 43013K [0x0000000704a00000, 0x0000000800000000)
  region size 2048K, 2 young (4096K), 2 survivors (4096K)
 Metaspace       used 99982K, committed 100608K, reserved 1138688K
  class space    used 13514K, committed 13824K, reserved 1048576K
}
Event: 2743.745 GC heap before
{Heap before GC invocations=69 (full 4):
 garbage-first heap   total 131072K, used 100357K [0x0000000704a00000, 0x0000000800000000)
  region size 2048K, 30 young (61440K), 2 survivors (4096K)
 Metaspace       used 100359K, committed 101056K, reserved 1138688K
  class space    used 13561K, committed 13888K, reserved 1048576K
}
Event: 2743.749 GC heap after
{Heap after GC invocations=70 (full 4):
 garbage-first heap   total 131072K, used 44841K [0x0000000704a00000, 0x0000000800000000)
  region size 2048K, 3 young (6144K), 3 survivors (6144K)
 Metaspace       used 100359K, committed 101056K, reserved 1138688K
  class space    used 13561K, committed 13888K, reserved 1048576K
}
Event: 2744.088 GC heap before
{Heap before GC invocations=70 (full 4):
 garbage-first heap   total 131072K, used 102185K [0x0000000704a00000, 0x0000000800000000)
  region size 2048K, 31 young (63488K), 3 survivors (6144K)
 Metaspace       used 100703K, committed 101376K, reserved 1138688K
  class space    used 13591K, committed 13888K, reserved 1048576K
}
Event: 2744.092 GC heap after
{Heap after GC invocations=71 (full 4):
 garbage-first heap   total 131072K, used 46548K [0x0000000704a00000, 0x0000000800000000)
  region size 2048K, 2 young (4096K), 2 survivors (4096K)
 Metaspace       used 100703K, committed 101376K, reserved 1138688K
  class space    used 13591K, committed 13888K, reserved 1048576K
}
Event: 2744.483 GC heap before
{Heap before GC invocations=71 (full 4):
 garbage-first heap   total 131072K, used 101844K [0x0000000704a00000, 0x0000000800000000)
  region size 2048K, 29 young (59392K), 2 survivors (4096K)
 Metaspace       used 101188K, committed 101888K, reserved 1138688K
  class space    used 13637K, committed 13952K, reserved 1048576K
}
Event: 2744.487 GC heap after
{Heap after GC invocations=72 (full 4):
 garbage-first heap   total 131072K, used 47658K [0x0000000704a00000, 0x0000000800000000)
  region size 2048K, 3 young (6144K), 3 survivors (6144K)
 Metaspace       used 101188K, committed 101888K, reserved 1138688K
  class space    used 13637K, committed 13952K, reserved 1048576K
}
Event: 2744.744 GC heap before
{Heap before GC invocations=72 (full 4):
 garbage-first heap   total 131072K, used 102954K [0x0000000704a00000, 0x0000000800000000)
  region size 2048K, 30 young (61440K), 3 survivors (6144K)
 Metaspace       used 101703K, committed 102400K, reserved 1138688K
  class space    used 13683K, committed 14016K, reserved 1048576K
}
Event: 2744.748 GC heap after
{Heap after GC invocations=73 (full 4):
 garbage-first heap   total 157696K, used 48567K [0x0000000704a00000, 0x0000000800000000)
  region size 2048K, 2 young (4096K), 2 survivors (4096K)
 Metaspace       used 101703K, committed 102400K, reserved 1138688K
  class space    used 13683K, committed 14016K, reserved 1048576K
}
Event: 2775.359 GC heap before
{Heap before GC invocations=73 (full 4):
 garbage-first heap   total 157696K, used 124343K [0x0000000704a00000, 0x0000000800000000)
  region size 2048K, 39 young (79872K), 2 survivors (4096K)
 Metaspace       used 102824K, committed 103552K, reserved 1138688K
  class space    used 13830K, committed 14144K, reserved 1048576K
}
Event: 2775.367 GC heap after
{Heap after GC invocations=74 (full 4):
 garbage-first heap   total 157696K, used 52743K [0x0000000704a00000, 0x0000000800000000)
  region size 2048K, 4 young (8192K), 4 survivors (8192K)
 Metaspace       used 102824K, committed 103552K, reserved 1138688K
  class space    used 13830K, committed 14144K, reserved 1048576K
}
Event: 2971.632 GC heap before
{Heap before GC invocations=74 (full 4):
 garbage-first heap   total 157696K, used 124423K [0x0000000704a00000, 0x0000000800000000)
  region size 2048K, 39 young (79872K), 4 survivors (8192K)
 Metaspace       used 103456K, committed 104192K, reserved 1138688K
  class space    used 13923K, committed 14272K, reserved 1048576K
}
Event: 2971.638 GC heap after
{Heap after GC invocations=75 (full 4):
 garbage-first heap   total 157696K, used 53463K [0x0000000704a00000, 0x0000000800000000)
  region size 2048K, 3 young (6144K), 3 survivors (6144K)
 Metaspace       used 103456K, committed 104192K, reserved 1138688K
  class space    used 13923K, committed 14272K, reserved 1048576K
}

