# JRE version: OpenJDK Runtime Environment Temurin-17.0.4+8 (17.0.4+8) (build 17.0.4+8)
# Java VM: OpenJDK 64-Bit Server VM Temurin-17.0.4+8 (17.0.4+8, mixed mode, emulated-client, tiered, compressed oops, compressed class ptrs, g1 gc, windows-amd64)
GC Precious Log:
 CPUs: 8 total, 8 available
 Memory: 16087M
 Large Page Support: Disabled
 NUMA Support: Disabled
 Compressed Oops: Enabled (Zero based)
 Heap Region Size: 2M
 Heap Min Capacity: 8M
 Heap Initial Capacity: 252M
 Heap Max Capacity: 4022M
 Pre-touch: Disabled
 Parallel Workers: 8
 Concurrent Workers: 2
 Concurrent Refinement Workers: 8
 Periodic GC: Disabled
Heap:
 garbage-first heap   total 133120K, used 95321K [0x0000000704a00000, 0x0000000800000000)
  region size 2048K, 28 young (57344K), 2 survivors (4096K)
 Metaspace       used 92330K, committed 92928K, reserved 1130496K
  class space    used 12705K, committed 12992K, reserved 1048576K
GC Heap History (20 events):
Event: 1025.277 GC heap before
{Heap before GC invocations=36 (full 1):
 garbage-first heap   total 110592K, used 84023K [0x0000000704a00000, 0x0000000800000000)
  region size 2048K, 25 young (51200K), 2 survivors (4096K)
 Metaspace       used 90686K, committed 91200K, reserved 1130496K
  class space    used 12552K, committed 12800K, reserved 1048576K
}
Event: 1025.281 GC heap after
{Heap after GC invocations=37 (full 1):
 garbage-first heap   total 110592K, used 38395K [0x0000000704a00000, 0x0000000800000000)
  region size 2048K, 3 young (6144K), 3 survivors (6144K)
 Metaspace       used 90686K, committed 91200K, reserved 1130496K
  class space    used 12552K, committed 12800K, reserved 1048576K
}
Event: 1025.598 GC heap before
{Heap before GC invocations=37 (full 1):
 garbage-first heap   total 110592K, used 85499K [0x0000000704a00000, 0x0000000800000000)
  region size 2048K, 26 young (53248K), 3 survivors (6144K)
 Metaspace       used 91062K, committed 91648K, reserved 1130496K
  class space    used 12586K, committed 12864K, reserved 1048576K
}
Event: 1025.602 GC heap after
{Heap after GC invocations=38 (full 1):
 garbage-first heap   total 110592K, used 39439K [0x0000000704a00000, 0x0000000800000000)
  region size 2048K, 2 young (4096K), 2 survivors (4096K)
 Metaspace       used 91062K, committed 91648K, reserved 1130496K
  class space    used 12586K, committed 12864K, reserved 1048576K
}
Event: 1025.903 GC heap before
{Heap before GC invocations=38 (full 1):
 garbage-first heap   total 110592K, used 86543K [0x0000000704a00000, 0x0000000800000000)
  region size 2048K, 25 young (51200K), 2 survivors (4096K)
 Metaspace       used 91415K, committed 92032K, reserved 1130496K
  class space    used 12616K, committed 12928K, reserved 1048576K
}
Event: 1025.906 GC heap after
{Heap after GC invocations=39 (full 1):
 garbage-first heap   total 110592K, used 40014K [0x0000000704a00000, 0x0000000800000000)
  region size 2048K, 2 young (4096K), 2 survivors (4096K)
 Metaspace       used 91415K, committed 92032K, reserved 1130496K
  class space    used 12616K, committed 12928K, reserved 1048576K
}
Event: 1026.253 GC heap before
{Heap before GC invocations=39 (full 1):
 garbage-first heap   total 110592K, used 87118K [0x0000000704a00000, 0x0000000800000000)
  region size 2048K, 25 young (51200K), 2 survivors (4096K)
 Metaspace       used 91911K, committed 92480K, reserved 1130496K
  class space    used 12661K, committed 12928K, reserved 1048576K
}
Event: 1026.257 GC heap after
{Heap after GC invocations=40 (full 1):
 garbage-first heap   total 110592K, used 40664K [0x0000000704a00000, 0x0000000800000000)
  region size 2048K, 3 young (6144K), 3 survivors (6144K)
 Metaspace       used 91911K, committed 92480K, reserved 1130496K
  class space    used 12661K, committed 12928K, reserved 1048576K
}
Event: 1027.365 GC heap before
{Heap before GC invocations=40 (full 1):
 garbage-first heap   total 110592K, used 85720K [0x0000000704a00000, 0x0000000800000000)
  region size 2048K, 25 young (51200K), 3 survivors (6144K)
 Metaspace       used 92284K, committed 92864K, reserved 1130496K
  class space    used 12699K, committed 12992K, reserved 1048576K
}
Event: 1027.373 GC heap after
{Heap after GC invocations=41 (full 1):
 garbage-first heap   total 133120K, used 44310K [0x0000000704a00000, 0x0000000800000000)
  region size 2048K, 4 young (8192K), 4 survivors (8192K)
 Metaspace       used 92284K, committed 92864K, reserved 1130496K
  class space    used 12699K, committed 12992K, reserved 1048576K
}
Event: 1235.378 GC heap before
{Heap before GC invocations=41 (full 1):
 garbage-first heap   total 133120K, used 105750K [0x0000000704a00000, 0x0000000800000000)
  region size 2048K, 34 young (69632K), 4 survivors (8192K)
 Metaspace       used 92294K, committed 92864K, reserved 1130496K
  class space    used 12701K, committed 12992K, reserved 1048576K
}
Event: 1235.382 GC heap after
{Heap after GC invocations=42 (full 1):
 garbage-first heap   total 133120K, used 44974K [0x0000000704a00000, 0x0000000800000000)
  region size 2048K, 3 young (6144K), 3 survivors (6144K)
 Metaspace       used 92294K, committed 92864K, reserved 1130496K
  class space    used 12701K, committed 12992K, reserved 1048576K
}
Event: 1457.983 GC heap before
{Heap before GC invocations=42 (full 1):
 garbage-first heap   total 133120K, used 104366K [0x0000000704a00000, 0x0000000800000000)
  region size 2048K, 32 young (65536K), 3 survivors (6144K)
 Metaspace       used 92294K, committed 92864K, reserved 1130496K
  class space    used 12701K, committed 12992K, reserved 1048576K
}
Event: 1457.987 GC heap after
{Heap after GC invocations=43 (full 1):
 garbage-first heap   total 133120K, used 44461K [0x0000000704a00000, 0x0000000800000000)
  region size 2048K, 2 young (4096K), 2 survivors (4096K)
 Metaspace       used 92294K, committed 92864K, reserved 1130496K
  class space    used 12701K, committed 12992K, reserved 1048576K
}
Event: 1698.012 GC heap before
{Heap before GC invocations=43 (full 1):
 garbage-first heap   total 133120K, used 107949K [0x0000000704a00000, 0x0000000800000000)
  region size 2048K, 33 young (67584K), 2 survivors (4096K)
 Metaspace       used 92304K, committed 92864K, reserved 1130496K
  class space    used 12702K, committed 12992K, reserved 1048576K
}
Event: 1698.015 GC heap after
{Heap after GC invocations=44 (full 1):
 garbage-first heap   total 133120K, used 44350K [0x0000000704a00000, 0x0000000800000000)
  region size 2048K, 2 young (4096K), 2 survivors (4096K)
 Metaspace       used 92304K, committed 92864K, reserved 1130496K
  class space    used 12702K, committed 12992K, reserved 1048576K
}
Event: 1944.964 GC heap before
{Heap before GC invocations=44 (full 1):
 garbage-first heap   total 133120K, used 109886K [0x0000000704a00000, 0x0000000800000000)
  region size 2048K, 34 young (69632K), 2 survivors (4096K)
 Metaspace       used 92304K, committed 92864K, reserved 1130496K
  class space    used 12702K, committed 12992K, reserved 1048576K
}
Event: 1944.971 GC heap after
{Heap after GC invocations=45 (full 1):
 garbage-first heap   total 133120K, used 44258K [0x0000000704a00000, 0x0000000800000000)
  region size 2048K, 2 young (4096K), 2 survivors (4096K)
 Metaspace       used 92304K, committed 92864K, reserved 1130496K
  class space    used 12702K, committed 12992K, reserved 1048576K
}
Event: 2177.749 GC heap before
{Heap before GC invocations=45 (full 1):
 garbage-first heap   total 133120K, used 109794K [0x0000000704a00000, 0x0000000800000000)
  region size 2048K, 34 young (69632K), 2 survivors (4096K)
 Metaspace       used 92317K, committed 92928K, reserved 1130496K
  class space    used 12705K, committed 12992K, reserved 1048576K
}
Event: 2177.753 GC heap after
{Heap after GC invocations=46 (full 1):
 garbage-first heap   total 133120K, used 44121K [0x0000000704a00000, 0x0000000800000000)
  region size 2048K, 2 young (4096K), 2 survivors (4096K)
 Metaspace       used 92317K, committed 92928K, reserved 1130496K
  class space    used 12705K, committed 12992K, reserved 1048576K
}

