# JRE version: OpenJDK Runtime Environment Temurin-17.0.4+8 (17.0.4+8) (build 17.0.4+8)
# Java VM: OpenJDK 64-Bit Server VM Temurin-17.0.4+8 (17.0.4+8, mixed mode, emulated-client, tiered, compressed oops, compressed class ptrs, g1 gc, windows-amd64)
GC Precious Log:
 CPUs: 8 total, 8 available
 Memory: 16087M
 Large Page Support: Disabled
 NUMA Support: Disabled
 Compressed Oops: Enabled (Zero based)
 Heap Region Size: 2M
 Heap Min Capacity: 8M
 Heap Initial Capacity: 252M
 Heap Max Capacity: 4022M
 Pre-touch: Disabled
 Parallel Workers: 8
 Concurrent Workers: 2
 Concurrent Refinement Workers: 8
 Periodic GC: Disabled
Heap:
 garbage-first heap   total 202752K, used 151956K [0x0000000704a00000, 0x0000000800000000)
  region size 2048K, 23 young (47104K), 2 survivors (4096K)
 Metaspace       used 120267K, committed 121088K, reserved 1155072K
  class space    used 15771K, committed 16128K, reserved 1048576K
GC Heap History (20 events):
Event: 1868.606 GC heap before
{Heap before GC invocations=102 (full 2):
 garbage-first heap   total 202752K, used 170681K [0x0000000704a00000, 0x0000000800000000)
  region size 2048K, 32 young (65536K), 3 survivors (6144K)
 Metaspace       used 120255K, committed 121024K, reserved 1155072K
  class space    used 15769K, committed 16128K, reserved 1048576K
}
Event: 1868.613 GC heap after
{Heap after GC invocations=103 (full 2):
 garbage-first heap   total 202752K, used 111834K [0x0000000704a00000, 0x0000000800000000)
  region size 2048K, 2 young (4096K), 2 survivors (4096K)
 Metaspace       used 120255K, committed 121024K, reserved 1155072K
  class space    used 15769K, committed 16128K, reserved 1048576K
}
Event: 1908.263 GC heap before
{Heap before GC invocations=103 (full 2):
 garbage-first heap   total 202752K, used 173274K [0x0000000704a00000, 0x0000000800000000)
  region size 2048K, 32 young (65536K), 2 survivors (4096K)
 Metaspace       used 120255K, committed 121024K, reserved 1155072K
  class space    used 15769K, committed 16128K, reserved 1048576K
}
Event: 1908.268 GC heap after
{Heap after GC invocations=104 (full 2):
 garbage-first heap   total 202752K, used 111388K [0x0000000704a00000, 0x0000000800000000)
  region size 2048K, 2 young (4096K), 2 survivors (4096K)
 Metaspace       used 120255K, committed 121024K, reserved 1155072K
  class space    used 15769K, committed 16128K, reserved 1048576K
}
Event: 1948.613 GC heap before
{Heap before GC invocations=104 (full 2):
 garbage-first heap   total 202752K, used 172828K [0x0000000704a00000, 0x0000000800000000)
  region size 2048K, 32 young (65536K), 2 survivors (4096K)
 Metaspace       used 120255K, committed 121024K, reserved 1155072K
  class space    used 15769K, committed 16128K, reserved 1048576K
}
Event: 1948.618 GC heap after
{Heap after GC invocations=105 (full 2):
 garbage-first heap   total 202752K, used 111181K [0x0000000704a00000, 0x0000000800000000)
  region size 2048K, 2 young (4096K), 2 survivors (4096K)
 Metaspace       used 120255K, committed 121024K, reserved 1155072K
  class space    used 15769K, committed 16128K, reserved 1048576K
}
Event: 1989.747 GC heap before
{Heap before GC invocations=105 (full 2):
 garbage-first heap   total 202752K, used 174669K [0x0000000704a00000, 0x0000000800000000)
  region size 2048K, 33 young (67584K), 2 survivors (4096K)
 Metaspace       used 120255K, committed 121024K, reserved 1155072K
  class space    used 15769K, committed 16128K, reserved 1048576K
}
Event: 1989.755 GC heap after
{Heap after GC invocations=106 (full 2):
 garbage-first heap   total 202752K, used 110774K [0x0000000704a00000, 0x0000000800000000)
  region size 2048K, 2 young (4096K), 2 survivors (4096K)
 Metaspace       used 120255K, committed 121024K, reserved 1155072K
  class space    used 15769K, committed 16128K, reserved 1048576K
}
Event: 2029.095 GC heap before
{Heap before GC invocations=106 (full 2):
 garbage-first heap   total 202752K, used 174262K [0x0000000704a00000, 0x0000000800000000)
  region size 2048K, 33 young (67584K), 2 survivors (4096K)
 Metaspace       used 120265K, committed 121024K, reserved 1155072K
  class space    used 15770K, committed 16128K, reserved 1048576K
}
Event: 2029.101 GC heap after
{Heap after GC invocations=107 (full 2):
 garbage-first heap   total 202752K, used 110958K [0x0000000704a00000, 0x0000000800000000)
  region size 2048K, 2 young (4096K), 2 survivors (4096K)
 Metaspace       used 120265K, committed 121024K, reserved 1155072K
  class space    used 15770K, committed 16128K, reserved 1048576K
}
Event: 2070.738 GC heap before
{Heap before GC invocations=107 (full 2):
 garbage-first heap   total 202752K, used 174446K [0x0000000704a00000, 0x0000000800000000)
  region size 2048K, 33 young (67584K), 2 survivors (4096K)
 Metaspace       used 120267K, committed 121088K, reserved 1155072K
  class space    used 15771K, committed 16128K, reserved 1048576K
}
Event: 2070.744 GC heap after
{Heap after GC invocations=108 (full 2):
 garbage-first heap   total 202752K, used 110866K [0x0000000704a00000, 0x0000000800000000)
  region size 2048K, 2 young (4096K), 2 survivors (4096K)
 Metaspace       used 120267K, committed 121088K, reserved 1155072K
  class space    used 15771K, committed 16128K, reserved 1048576K
}
Event: 2112.019 GC heap before
{Heap before GC invocations=108 (full 2):
 garbage-first heap   total 202752K, used 174354K [0x0000000704a00000, 0x0000000800000000)
  region size 2048K, 33 young (67584K), 2 survivors (4096K)
 Metaspace       used 120267K, committed 121088K, reserved 1155072K
  class space    used 15771K, committed 16128K, reserved 1048576K
}
Event: 2112.025 GC heap after
{Heap after GC invocations=109 (full 2):
 garbage-first heap   total 202752K, used 110660K [0x0000000704a00000, 0x0000000800000000)
  region size 2048K, 1 young (2048K), 1 survivors (2048K)
 Metaspace       used 120267K, committed 121088K, reserved 1155072K
  class space    used 15771K, committed 16128K, reserved 1048576K
}
Event: 2155.268 GC heap before
{Heap before GC invocations=109 (full 2):
 garbage-first heap   total 202752K, used 178244K [0x0000000704a00000, 0x0000000800000000)
  region size 2048K, 34 young (69632K), 1 survivors (2048K)
 Metaspace       used 120267K, committed 121088K, reserved 1155072K
  class space    used 15771K, committed 16128K, reserved 1048576K
}
Event: 2155.272 GC heap after
{Heap after GC invocations=110 (full 2):
 garbage-first heap   total 202752K, used 111155K [0x0000000704a00000, 0x0000000800000000)
  region size 2048K, 2 young (4096K), 2 survivors (4096K)
 Metaspace       used 120267K, committed 121088K, reserved 1155072K
  class space    used 15771K, committed 16128K, reserved 1048576K
}
Event: 2196.308 GC heap before
{Heap before GC invocations=110 (full 2):
 garbage-first heap   total 202752K, used 174643K [0x0000000704a00000, 0x0000000800000000)
  region size 2048K, 33 young (67584K), 2 survivors (4096K)
 Metaspace       used 120267K, committed 121088K, reserved 1155072K
  class space    used 15771K, committed 16128K, reserved 1048576K
}
Event: 2196.315 GC heap after
{Heap after GC invocations=111 (full 2):
 garbage-first heap   total 202752K, used 111103K [0x0000000704a00000, 0x0000000800000000)
  region size 2048K, 2 young (4096K), 2 survivors (4096K)
 Metaspace       used 120267K, committed 121088K, reserved 1155072K
  class space    used 15771K, committed 16128K, reserved 1048576K
}
Event: 2237.783 GC heap before
{Heap before GC invocations=111 (full 2):
 garbage-first heap   total 202752K, used 174591K [0x0000000704a00000, 0x0000000800000000)
  region size 2048K, 33 young (67584K), 2 survivors (4096K)
 Metaspace       used 120267K, committed 121088K, reserved 1155072K
  class space    used 15771K, committed 16128K, reserved 1048576K
}
Event: 2237.787 GC heap after
{Heap after GC invocations=112 (full 2):
 garbage-first heap   total 202752K, used 110996K [0x0000000704a00000, 0x0000000800000000)
  region size 2048K, 2 young (4096K), 2 survivors (4096K)
 Metaspace       used 120267K, committed 121088K, reserved 1155072K
  class space    used 15771K, committed 16128K, reserved 1048576K
}

