# JRE version: OpenJDK Runtime Environment Temurin-17.0.4+8 (17.0.4+8) (build 17.0.4+8)
# Java VM: OpenJDK 64-Bit Server VM Temurin-17.0.4+8 (17.0.4+8, mixed mode, emulated-client, tiered, compressed oops, compressed class ptrs, g1 gc, windows-amd64)
GC Precious Log:
 CPUs: 8 total, 8 available
 Memory: 16087M
 Large Page Support: Disabled
 NUMA Support: Disabled
 Compressed Oops: Enabled (Zero based)
 Heap Region Size: 2M
 Heap Min Capacity: 8M
 Heap Initial Capacity: 252M
 Heap Max Capacity: 4022M
 Pre-touch: Disabled
 Parallel Workers: 8
 Concurrent Workers: 2
 Concurrent Refinement Workers: 8
 Periodic GC: Disabled
Heap:
 garbage-first heap   total 307200K, used 138567K [0x0000000704a00000, 0x0000000800000000)
  region size 2048K, 32 young (65536K), 7 survivors (14336K)
 Metaspace       used 139577K, committed 140352K, reserved 1171456K
  class space    used 17472K, committed 17856K, reserved 1048576K
GC Heap History (20 events):
Event: 925.715 GC heap before
{Heap before GC invocations=117 (full 5):
 garbage-first heap   total 212992K, used 173395K [0x0000000704a00000, 0x0000000800000000)
  region size 2048K, 56 young (114688K), 0 survivors (0K)
 Metaspace       used 132780K, committed 133504K, reserved 1171456K
  class space    used 16831K, committed 17152K, reserved 1048576K
}
Event: 925.720 GC heap after
{Heap after GC invocations=118 (full 5):
 garbage-first heap   total 256000K, used 66286K [0x0000000704a00000, 0x0000000800000000)
  region size 2048K, 4 young (8192K), 4 survivors (8192K)
 Metaspace       used 132780K, committed 133504K, reserved 1171456K
  class space    used 16831K, committed 17152K, reserved 1048576K
}
Event: 928.563 GC heap before
{Heap before GC invocations=118 (full 5):
 garbage-first heap   total 256000K, used 203502K [0x0000000704a00000, 0x0000000800000000)
  region size 2048K, 71 young (145408K), 4 survivors (8192K)
 Metaspace       used 133034K, committed 133696K, reserved 1171456K
  class space    used 16856K, committed 17152K, reserved 1048576K
}
Event: 928.569 GC heap after
{Heap after GC invocations=119 (full 5):
 garbage-first heap   total 256000K, used 68947K [0x0000000704a00000, 0x0000000800000000)
  region size 2048K, 5 young (10240K), 5 survivors (10240K)
 Metaspace       used 133034K, committed 133696K, reserved 1171456K
  class space    used 16856K, committed 17152K, reserved 1048576K
}
Event: 929.304 GC heap before
{Heap before GC invocations=119 (full 5):
 garbage-first heap   total 256000K, used 202067K [0x0000000704a00000, 0x0000000800000000)
  region size 2048K, 70 young (143360K), 5 survivors (10240K)
 Metaspace       used 133623K, committed 134336K, reserved 1171456K
  class space    used 16937K, committed 17280K, reserved 1048576K
}
Event: 929.313 GC heap after
{Heap after GC invocations=120 (full 5):
 garbage-first heap   total 256000K, used 73185K [0x0000000704a00000, 0x0000000800000000)
  region size 2048K, 5 young (10240K), 5 survivors (10240K)
 Metaspace       used 133623K, committed 134336K, reserved 1171456K
  class space    used 16937K, committed 17280K, reserved 1048576K
}
Event: 930.036 GC heap before
{Heap before GC invocations=120 (full 5):
 garbage-first heap   total 256000K, used 202209K [0x0000000704a00000, 0x0000000800000000)
  region size 2048K, 68 young (139264K), 5 survivors (10240K)
 Metaspace       used 134415K, committed 135104K, reserved 1171456K
  class space    used 17022K, committed 17344K, reserved 1048576K
}
Event: 930.043 GC heap after
{Heap after GC invocations=121 (full 5):
 garbage-first heap   total 256000K, used 77385K [0x0000000704a00000, 0x0000000800000000)
  region size 2048K, 7 young (14336K), 7 survivors (14336K)
 Metaspace       used 134415K, committed 135104K, reserved 1171456K
  class space    used 17022K, committed 17344K, reserved 1048576K
}
Event: 930.661 GC heap before
{Heap before GC invocations=121 (full 5):
 garbage-first heap   total 256000K, used 204361K [0x0000000704a00000, 0x0000000800000000)
  region size 2048K, 69 young (141312K), 7 survivors (14336K)
 Metaspace       used 135344K, committed 136128K, reserved 1171456K
  class space    used 17101K, committed 17472K, reserved 1048576K
}
Event: 930.667 GC heap after
{Heap after GC invocations=122 (full 5):
 garbage-first heap   total 256000K, used 80090K [0x0000000704a00000, 0x0000000800000000)
  region size 2048K, 6 young (12288K), 6 survivors (12288K)
 Metaspace       used 135344K, committed 136128K, reserved 1171456K
  class space    used 17101K, committed 17472K, reserved 1048576K
}
Event: 931.144 GC heap before
{Heap before GC invocations=122 (full 5):
 garbage-first heap   total 256000K, used 207066K [0x0000000704a00000, 0x0000000800000000)
  region size 2048K, 68 young (139264K), 6 survivors (12288K)
 Metaspace       used 136239K, committed 136896K, reserved 1171456K
  class space    used 17171K, committed 17472K, reserved 1048576K
}
Event: 931.150 GC heap after
{Heap after GC invocations=123 (full 5):
 garbage-first heap   total 256000K, used 81882K [0x0000000704a00000, 0x0000000800000000)
  region size 2048K, 5 young (10240K), 5 survivors (10240K)
 Metaspace       used 136239K, committed 136896K, reserved 1171456K
  class space    used 17171K, committed 17472K, reserved 1048576K
}
Event: 931.666 GC heap before
{Heap before GC invocations=123 (full 5):
 garbage-first heap   total 256000K, used 206810K [0x0000000704a00000, 0x0000000800000000)
  region size 2048K, 66 young (135168K), 5 survivors (10240K)
 Metaspace       used 137028K, committed 137728K, reserved 1171456K
  class space    used 17234K, committed 17536K, reserved 1048576K
}
Event: 931.672 GC heap after
{Heap after GC invocations=124 (full 5):
 garbage-first heap   total 256000K, used 83273K [0x0000000704a00000, 0x0000000800000000)
  region size 2048K, 6 young (12288K), 6 survivors (12288K)
 Metaspace       used 137028K, committed 137728K, reserved 1171456K
  class space    used 17234K, committed 17536K, reserved 1048576K
}
Event: 932.343 GC heap before
{Heap before GC invocations=124 (full 5):
 garbage-first heap   total 256000K, used 206153K [0x0000000704a00000, 0x0000000800000000)
  region size 2048K, 66 young (135168K), 6 survivors (12288K)
 Metaspace       used 138173K, committed 138880K, reserved 1171456K
  class space    used 17331K, committed 17664K, reserved 1048576K
}
Event: 932.350 GC heap after
{Heap after GC invocations=125 (full 5):
 garbage-first heap   total 307200K, used 85572K [0x0000000704a00000, 0x0000000800000000)
  region size 2048K, 5 young (10240K), 5 survivors (10240K)
 Metaspace       used 138173K, committed 138880K, reserved 1171456K
  class space    used 17331K, committed 17664K, reserved 1048576K
}
Event: 991.314 GC heap before
{Heap before GC invocations=125 (full 5):
 garbage-first heap   total 307200K, used 251460K [0x0000000704a00000, 0x0000000800000000)
  region size 2048K, 86 young (176128K), 5 survivors (10240K)
 Metaspace       used 139346K, committed 140096K, reserved 1171456K
  class space    used 17432K, committed 17792K, reserved 1048576K
}
Event: 991.321 GC heap after
{Heap after GC invocations=126 (full 5):
 garbage-first heap   total 307200K, used 88750K [0x0000000704a00000, 0x0000000800000000)
  region size 2048K, 6 young (12288K), 6 survivors (12288K)
 Metaspace       used 139346K, committed 140096K, reserved 1171456K
  class space    used 17432K, committed 17792K, reserved 1048576K
}
Event: 1191.421 GC heap before
{Heap before GC invocations=126 (full 5):
 garbage-first heap   total 307200K, used 252590K [0x0000000704a00000, 0x0000000800000000)
  region size 2048K, 86 young (176128K), 6 survivors (12288K)
 Metaspace       used 139574K, committed 140352K, reserved 1171456K
  class space    used 17472K, committed 17856K, reserved 1048576K
}
Event: 1191.429 GC heap after
{Heap after GC invocations=127 (full 5):
 garbage-first heap   total 307200K, used 89415K [0x0000000704a00000, 0x0000000800000000)
  region size 2048K, 7 young (14336K), 7 survivors (14336K)
 Metaspace       used 139574K, committed 140352K, reserved 1171456K
  class space    used 17472K, committed 17856K, reserved 1048576K
}

