# JRE version: OpenJDK Runtime Environment Temurin-17.0.4+8 (17.0.4+8) (build 17.0.4+8)
# Java VM: OpenJDK 64-Bit Server VM Temurin-17.0.4+8 (17.0.4+8, mixed mode, emulated-client, tiered, compressed oops, compressed class ptrs, g1 gc, windows-amd64)
GC Precious Log:
 CPUs: 8 total, 8 available
 Memory: 16087M
 Large Page Support: Disabled
 NUMA Support: Disabled
 Compressed Oops: Enabled (Zero based)
 Heap Region Size: 2M
 Heap Min Capacity: 8M
 Heap Initial Capacity: 252M
 Heap Max Capacity: 4022M
 Pre-touch: Disabled
 Parallel Workers: 8
 Concurrent Workers: 2
 Concurrent Refinement Workers: 8
 Periodic GC: Disabled
Heap:
 garbage-first heap   total 172032K, used 135585K [0x0000000704a00000, 0x0000000800000000)
  region size 2048K, 39 young (79872K), 1 survivors (2048K)
 Metaspace       used 111966K, committed 112640K, reserved 1146880K
  class space    used 14825K, committed 15168K, reserved 1048576K
GC Heap History (20 events):
Event: 1297.421 GC heap before
{Heap before GC invocations=124 (full 3):
 garbage-first heap   total 143360K, used 111114K [0x0000000704a00000, 0x0000000800000000)
  region size 2048K, 34 young (69632K), 4 survivors (8192K)
 Metaspace       used 107990K, committed 108608K, reserved 1146880K
  class space    used 14456K, committed 14784K, reserved 1048576K
}
Event: 1297.428 GC heap after
{Heap after GC invocations=125 (full 3):
 garbage-first heap   total 143360K, used 51023K [0x0000000704a00000, 0x0000000800000000)
  region size 2048K, 2 young (4096K), 2 survivors (4096K)
 Metaspace       used 107990K, committed 108608K, reserved 1146880K
  class space    used 14456K, committed 14784K, reserved 1048576K
}
Event: 1298.074 GC heap before
{Heap before GC invocations=125 (full 3):
 garbage-first heap   total 143360K, used 114511K [0x0000000704a00000, 0x0000000800000000)
  region size 2048K, 33 young (67584K), 2 survivors (4096K)
 Metaspace       used 108369K, committed 109056K, reserved 1146880K
  class space    used 14495K, committed 14848K, reserved 1048576K
}
Event: 1298.081 GC heap after
{Heap after GC invocations=126 (full 3):
 garbage-first heap   total 143360K, used 54175K [0x0000000704a00000, 0x0000000800000000)
  region size 2048K, 4 young (8192K), 4 survivors (8192K)
 Metaspace       used 108369K, committed 109056K, reserved 1146880K
  class space    used 14495K, committed 14848K, reserved 1048576K
}
Event: 1298.452 GC heap before
{Heap before GC invocations=127 (full 3):
 garbage-first heap   total 143360K, used 111519K [0x0000000704a00000, 0x0000000800000000)
  region size 2048K, 32 young (65536K), 4 survivors (8192K)
 Metaspace       used 108800K, committed 109440K, reserved 1146880K
  class space    used 14529K, committed 14848K, reserved 1048576K
}
Event: 1298.459 GC heap after
{Heap after GC invocations=128 (full 3):
 garbage-first heap   total 143360K, used 55341K [0x0000000704a00000, 0x0000000800000000)
  region size 2048K, 3 young (6144K), 3 survivors (6144K)
 Metaspace       used 108800K, committed 109440K, reserved 1146880K
  class space    used 14529K, committed 14848K, reserved 1048576K
}
Event: 1298.869 GC heap before
{Heap before GC invocations=128 (full 3):
 garbage-first heap   total 143360K, used 114733K [0x0000000704a00000, 0x0000000800000000)
  region size 2048K, 32 young (65536K), 3 survivors (6144K)
 Metaspace       used 109352K, committed 110016K, reserved 1146880K
  class space    used 14579K, committed 14912K, reserved 1048576K
}
Event: 1298.874 GC heap after
{Heap after GC invocations=129 (full 3):
 garbage-first heap   total 143360K, used 56573K [0x0000000704a00000, 0x0000000800000000)
  region size 2048K, 2 young (4096K), 2 survivors (4096K)
 Metaspace       used 109352K, committed 110016K, reserved 1146880K
  class space    used 14579K, committed 14912K, reserved 1048576K
}
Event: 1299.283 GC heap before
{Heap before GC invocations=130 (full 3):
 garbage-first heap   total 143360K, used 113917K [0x0000000704a00000, 0x0000000800000000)
  region size 2048K, 30 young (61440K), 2 survivors (4096K)
 Metaspace       used 109663K, committed 110336K, reserved 1146880K
  class space    used 14605K, committed 14976K, reserved 1048576K
}
Event: 1299.286 GC heap after
{Heap after GC invocations=131 (full 3):
 garbage-first heap   total 143360K, used 56864K [0x0000000704a00000, 0x0000000800000000)
  region size 2048K, 2 young (4096K), 2 survivors (4096K)
 Metaspace       used 109663K, committed 110336K, reserved 1146880K
  class space    used 14605K, committed 14976K, reserved 1048576K
}
Event: 1299.666 GC heap before
{Heap before GC invocations=131 (full 3):
 garbage-first heap   total 143360K, used 116256K [0x0000000704a00000, 0x0000000800000000)
  region size 2048K, 31 young (63488K), 2 survivors (4096K)
 Metaspace       used 110057K, committed 110720K, reserved 1146880K
  class space    used 14635K, committed 14976K, reserved 1048576K
}
Event: 1299.669 GC heap after
{Heap after GC invocations=132 (full 3):
 garbage-first heap   total 143360K, used 57815K [0x0000000704a00000, 0x0000000800000000)
  region size 2048K, 2 young (4096K), 2 survivors (4096K)
 Metaspace       used 110057K, committed 110720K, reserved 1146880K
  class space    used 14635K, committed 14976K, reserved 1048576K
}
Event: 1300.154 GC heap before
{Heap before GC invocations=133 (full 3):
 garbage-first heap   total 143360K, used 117207K [0x0000000704a00000, 0x0000000800000000)
  region size 2048K, 31 young (63488K), 2 survivors (4096K)
 Metaspace       used 110623K, committed 111296K, reserved 1146880K
  class space    used 14686K, committed 15040K, reserved 1048576K
}
Event: 1300.158 GC heap after
{Heap after GC invocations=134 (full 3):
 garbage-first heap   total 143360K, used 58797K [0x0000000704a00000, 0x0000000800000000)
  region size 2048K, 3 young (6144K), 3 survivors (6144K)
 Metaspace       used 110623K, committed 111296K, reserved 1146880K
  class space    used 14686K, committed 15040K, reserved 1048576K
}
Event: 1300.744 GC heap before
{Heap before GC invocations=134 (full 3):
 garbage-first heap   total 143360K, used 116141K [0x0000000704a00000, 0x0000000800000000)
  region size 2048K, 31 young (63488K), 3 survivors (6144K)
 Metaspace       used 111099K, committed 111808K, reserved 1146880K
  class space    used 14725K, committed 15104K, reserved 1048576K
}
Event: 1300.750 GC heap after
{Heap after GC invocations=135 (full 3):
 garbage-first heap   total 172032K, used 61594K [0x0000000704a00000, 0x0000000800000000)
  region size 2048K, 4 young (8192K), 4 survivors (8192K)
 Metaspace       used 111099K, committed 111808K, reserved 1146880K
  class space    used 14725K, committed 15104K, reserved 1048576K
}
Event: 1362.381 GC heap before
{Heap before GC invocations=136 (full 3):
 garbage-first heap   total 172032K, used 137370K [0x0000000704a00000, 0x0000000800000000)
  region size 2048K, 41 young (83968K), 4 survivors (8192K)
 Metaspace       used 111870K, committed 112576K, reserved 1146880K
  class space    used 14820K, committed 15168K, reserved 1048576K
}
Event: 1362.387 GC heap after
{Heap after GC invocations=137 (full 3):
 garbage-first heap   total 172032K, used 64088K [0x0000000704a00000, 0x0000000800000000)
  region size 2048K, 5 young (10240K), 5 survivors (10240K)
 Metaspace       used 111870K, committed 112576K, reserved 1146880K
  class space    used 14820K, committed 15168K, reserved 1048576K
}
Event: 1362.969 GC heap before
{Heap before GC invocations=137 (full 3):
 garbage-first heap   total 172032K, used 66136K [0x0000000704a00000, 0x0000000800000000)
  region size 2048K, 6 young (12288K), 5 survivors (10240K)
 Metaspace       used 111896K, committed 112576K, reserved 1146880K
  class space    used 14820K, committed 15168K, reserved 1048576K
}
Event: 1362.978 GC heap after
{Heap after GC invocations=138 (full 3):
 garbage-first heap   total 172032K, used 59809K [0x0000000704a00000, 0x0000000800000000)
  region size 2048K, 1 young (2048K), 1 survivors (2048K)
 Metaspace       used 111896K, committed 112576K, reserved 1146880K
  class space    used 14820K, committed 15168K, reserved 1048576K
}

